# JRE version: OpenJDK Runtime Environment (8.0_152-b06) (build 1.8.0_152-release-1136-b06)
# Java VM: OpenJDK 64-Bit Server VM (25.152-b06 mixed mode windows-amd64 compressed oops)
Heap:
 PSYoungGen      total 204800K, used 58055K [0x00000000e0000000, 0x00000000ee500000, 0x0000000100000000)
  eden space 175104K, 33% used [0x00000000e0000000,0x00000000e38b1c40,0x00000000eab00000)
  from space 29696K, 0% used [0x00000000eab00000,0x00000000eab00000,0x00000000ec800000)
  to   space 28160K, 0% used [0x00000000ec980000,0x00000000ec980000,0x00000000ee500000)
 ParOldGen       total 93184K, used 69112K [0x00000000a0000000, 0x00000000a5b00000, 0x00000000e0000000)
  object space 93184K, 74% used [0x00000000a0000000,0x00000000a437e250,0x00000000a5b00000)
 Metaspace       used 94148K, capacity 97656K, committed 99188K, reserved 1134592K
  class space    used 12044K, capacity 12834K, committed 13232K, reserved 1048576K
GC Heap History (10 events):
Event: 232.440 GC heap before
{Heap before GC invocations=31 (full 3):
 PSYoungGen      total 204800K, used 174940K [0x00000000e0000000, 0x00000000ee500000, 0x0000000100000000)
  eden space 175104K, 99% used [0x00000000e0000000,0x00000000eaa970c8,0x00000000eab00000)
  from space 29696K, 0% used [0x00000000eab00000,0x00000000eab40000,0x00000000ec800000)
  to   space 28160K, 0% used [0x00000000ec980000,0x00000000ec980000,0x00000000ee500000)
 ParOldGen       total 93184K, used 73223K [0x00000000a0000000, 0x00000000a5b00000, 0x00000000e0000000)
  object space 93184K, 78% used [0x00000000a0000000,0x00000000a4781fc0,0x00000000a5b00000)
 Metaspace       used 84769K, capacity 87644K, committed 87728K, reserved 1126400K
  class space    used 10927K, capacity 11670K, committed 11696K, reserved 1048576K
Event: 232.443 GC heap after
Heap after GC invocations=31 (full 3):
 PSYoungGen      total 203264K, used 224K [0x00000000e0000000, 0x00000000ee500000, 0x0000000100000000)
  eden space 175104K, 0% used [0x00000000e0000000,0x00000000e0000000,0x00000000eab00000)
  from space 28160K, 0% used [0x00000000ec980000,0x00000000ec9b8000,0x00000000ee500000)
  to   space 29696K, 0% used [0x00000000eab00000,0x00000000eab00000,0x00000000ec800000)
 ParOldGen       total 93184K, used 73271K [0x00000000a0000000, 0x00000000a5b00000, 0x00000000e0000000)
  object space 93184K, 78% used [0x00000000a0000000,0x00000000a478dfc0,0x00000000a5b00000)
 Metaspace       used 84769K, capacity 87644K, committed 87728K, reserved 1126400K
  class space    used 10927K, capacity 11670K, committed 11696K, reserved 1048576K
}
Event: 233.090 GC heap before
{Heap before GC invocations=32 (full 3):
 PSYoungGen      total 203264K, used 175328K [0x00000000e0000000, 0x00000000ee500000, 0x0000000100000000)
  eden space 175104K, 100% used [0x00000000e0000000,0x00000000eab00000,0x00000000eab00000)
  from space 28160K, 0% used [0x00000000ec980000,0x00000000ec9b8000,0x00000000ee500000)
  to   space 29696K, 0% used [0x00000000eab00000,0x00000000eab00000,0x00000000ec800000)
 ParOldGen       total 93184K, used 73271K [0x00000000a0000000, 0x00000000a5b00000, 0x00000000e0000000)
  object space 93184K, 78% used [0x00000000a0000000,0x00000000a478dfc0,0x00000000a5b00000)
 Metaspace       used 85188K, capacity 88196K, committed 88368K, reserved 1126400K
  class space    used 10982K, capacity 11720K, committed 11824K, reserved 1048576K
Event: 233.093 GC heap after
Heap after GC invocations=32 (full 3):
 PSYoungGen      total 204800K, used 1077K [0x00000000e0000000, 0x00000000ee500000, 0x0000000100000000)
  eden space 175104K, 0% used [0x00000000e0000000,0x00000000e0000000,0x00000000eab00000)
  from space 29696K, 3% used [0x00000000eab00000,0x00000000eac0d4f0,0x00000000ec800000)
  to   space 28160K, 0% used [0x00000000ec980000,0x00000000ec980000,0x00000000ee500000)
 ParOldGen       total 93184K, used 73335K [0x00000000a0000000, 0x00000000a5b00000, 0x00000000e0000000)
  object space 93184K, 78% used [0x00000000a0000000,0x00000000a479dfc0,0x00000000a5b00000)
 Metaspace       used 85188K, capacity 88196K, committed 88368K, reserved 1126400K
  class space    used 10982K, capacity 11720K, committed 11824K, reserved 1048576K
}
Event: 239.217 GC heap before
{Heap before GC invocations=33 (full 3):
 PSYoungGen      total 204800K, used 163261K [0x00000000e0000000, 0x00000000ee500000, 0x0000000100000000)
  eden space 175104K, 92% used [0x00000000e0000000,0x00000000e9e62198,0x00000000eab00000)
  from space 29696K, 3% used [0x00000000eab00000,0x00000000eac0d4f0,0x00000000ec800000)
  to   space 28160K, 0% used [0x00000000ec980000,0x00000000ec980000,0x00000000ee500000)
 ParOldGen       total 93184K, used 73335K [0x00000000a0000000, 0x00000000a5b00000, 0x00000000e0000000)
  object space 93184K, 78% used [0x00000000a0000000,0x00000000a479dfc0,0x00000000a5b00000)
 Metaspace       used 94010K, capacity 98534K, committed 98856K, reserved 1134592K
  class space    used 12188K, capacity 13141K, committed 13232K, reserved 1048576K
Event: 239.237 GC heap after
Heap after GC invocations=33 (full 3):
 PSYoungGen      total 203264K, used 17758K [0x00000000e0000000, 0x00000000ee500000, 0x0000000100000000)
  eden space 175104K, 0% used [0x00000000e0000000,0x00000000e0000000,0x00000000eab00000)
  from space 28160K, 63% used [0x00000000ec980000,0x00000000edad78d0,0x00000000ee500000)
  to   space 29696K, 0% used [0x00000000eab00000,0x00000000eab00000,0x00000000ec800000)
 ParOldGen       total 93184K, used 73815K [0x00000000a0000000, 0x00000000a5b00000, 0x00000000e0000000)
  object space 93184K, 79% used [0x00000000a0000000,0x00000000a4815ec8,0x00000000a5b00000)
 Metaspace       used 94010K, capacity 98534K, committed 98856K, reserved 1134592K
  class space    used 12188K, capacity 13141K, committed 13232K, reserved 1048576K
}
Event: 239.444 GC heap before
{Heap before GC invocations=34 (full 3):
 PSYoungGen      total 203264K, used 46236K [0x00000000e0000000, 0x00000000ee500000, 0x0000000100000000)
  eden space 175104K, 16% used [0x00000000e0000000,0x00000000e1bcf808,0x00000000eab00000)
  from space 28160K, 63% used [0x00000000ec980000,0x00000000edad78d0,0x00000000ee500000)
  to   space 29696K, 0% used [0x00000000eab00000,0x00000000eab00000,0x00000000ec800000)
 ParOldGen       total 93184K, used 73815K [0x00000000a0000000, 0x00000000a5b00000, 0x00000000e0000000)
  object space 93184K, 79% used [0x00000000a0000000,0x00000000a4815ec8,0x00000000a5b00000)
 Metaspace       used 94382K, capacity 98856K, committed 98932K, reserved 1134592K
  class space    used 12215K, capacity 13176K, committed 13232K, reserved 1048576K
Event: 239.459 GC heap after
Heap after GC invocations=34 (full 3):
 PSYoungGen      total 204800K, used 1824K [0x00000000e0000000, 0x00000000ee500000, 0x0000000100000000)
  eden space 175104K, 0% used [0x00000000e0000000,0x00000000e0000000,0x00000000eab00000)
  from space 29696K, 6% used [0x00000000eab00000,0x00000000eacc8010,0x00000000ec800000)
  to   space 28160K, 0% used [0x00000000ec980000,0x00000000ec980000,0x00000000ee500000)
 ParOldGen       total 93184K, used 81771K [0x00000000a0000000, 0x00000000a5b00000, 0x00000000e0000000)
  object space 93184K, 87% used [0x00000000a0000000,0x00000000a4fdae28,0x00000000a5b00000)
 Metaspace       used 94382K, capacity 98856K, committed 98932K, reserved 1134592K
  class space    used 12215K, capacity 13176K, committed 13232K, reserved 1048576K
}
Event: 239.459 GC heap before
{Heap before GC invocations=35 (full 4):
 PSYoungGen      total 204800K, used 1824K [0x00000000e0000000, 0x00000000ee500000, 0x0000000100000000)
  eden space 175104K, 0% used [0x00000000e0000000,0x00000000e0000000,0x00000000eab00000)
  from space 29696K, 6% used [0x00000000eab00000,0x00000000eacc8010,0x00000000ec800000)
  to   space 28160K, 0% used [0x00000000ec980000,0x00000000ec980000,0x00000000ee500000)
 ParOldGen       total 93184K, used 81771K [0x00000000a0000000, 0x00000000a5b00000, 0x00000000e0000000)
  object space 93184K, 87% used [0x00000000a0000000,0x00000000a4fdae28,0x00000000a5b00000)
 Metaspace       used 94382K, capacity 98856K, committed 98932K, reserved 1134592K
  class space    used 12215K, capacity 13176K, committed 13232K, reserved 1048576K
Event: 239.779 GC heap after
Heap after GC invocations=35 (full 4):
 PSYoungGen      total 204800K, used 0K [0x00000000e0000000, 0x00000000ee500000, 0x0000000100000000)
  eden space 175104K, 0% used [0x00000000e0000000,0x00000000e0000000,0x00000000eab00000)
  from space 29696K, 0% used [0x00000000eab00000,0x00000000eab00000,0x00000000ec800000)
  to   space 28160K, 0% used [0x00000000ec980000,0x00000000ec980000,0x00000000ee500000)
 ParOldGen       total 93184K, used 69112K [0x00000000a0000000, 0x00000000a5b00000, 0x00000000e0000000)
  object space 93184K, 74% used [0x00000000a0000000,0x00000000a437e250,0x00000000a5b00000)
 Metaspace       used 93824K, capacity 97314K, committed 98932K, reserved 1134592K
  class space    used 12028K, capacity 12833K, committed 13232K, reserved 1048576K
}

